          ok  Starting native_osx for sync apps-docker-sync
          ok  apps-docker-sync container still running, restarting unison in container
     command  docker exec apps-docker-sync supervisorctl restart unison
          ok  starting initial sync of apps-docker-sync
     success  Sync container started
     success  Showing unison logs from your sync container: apps-docker-sync
          ok  Starting native_osx for sync bundle-docker-sync
          ok  bundle-docker-sync container still running, restarting unison in container
     command  docker exec bundle-docker-sync supervisorctl restart unison
          ok  starting initial sync of bundle-docker-sync
     success  Sync container started
     success  Showing unison logs from your sync container: bundle-docker-sync
   Sync Log:  UNISON 2.48.4 started propagating changes at 10:00:21.63 on 07 Oct 2017
   Sync Log:  [BGN] Copying blog/tmp/pids from /app_sync to /host_sync
   Sync Log:  [END] Copying blog/tmp/pids
   Sync Log:  [BGN] Copying blog/tmp/sockets from /app_sync to /host_sync
   Sync Log:  [END] Copying blog/tmp/sockets
   Sync Log:  UNISON 2.48.4 finished propagating changes at 10:00:21.65 on 07 Oct 2017
   Sync Log:  Synchronization complete at 10:00:21  (2 items transferred, 0 skipped, 0 failed)
   Sync Log:  UNISON 2.48.4 started propagating changes at 10:00:22.67 on 07 Oct 2017
   Sync Log:  [BGN] Copying blog/log/development.log from /app_sync to /host_sync
   Sync Log:  [END] Copying blog/log/development.log
   Sync Log:  UNISON 2.48.4 finished propagating changes at 10:00:22.68 on 07 Oct 2017
   Sync Log:  Synchronization complete at 10:00:22  (1 item transferred, 0 skipped, 0 failed)
   Sync Log:  UNISON 2.48.4 started propagating changes at 10:00:32.02 on 07 Oct 2017
   Sync Log:  [BGN] Updating file bin/byebug from /host_sync to /app_sync
   Sync Log:  [END] Updating file bin/byebug
   Sync Log:  [BGN] Updating file bin/listen from /host_sync to /app_sync
   Sync Log:  [END] Updating file bin/listen
   Sync Log:  [BGN] Updating file bin/nokogiri from /host_sync to /app_sync
   Sync Log:  [END] Updating file bin/nokogiri
   Sync Log:  [BGN] Updating file bin/puma from /host_sync to /app_sync
   Sync Log:  [END] Updating file bin/puma
   Sync Log:  [BGN] Updating file bin/pumactl from /host_sync to /app_sync
   Sync Log:  [END] Updating file bin/pumactl
   Sync Log:  [BGN] Updating file bin/rackup from /host_sync to /app_sync
   Sync Log:  [END] Updating file bin/rackup
   Sync Log:  [BGN] Updating file bin/rails from /host_sync to /app_sync
   Sync Log:  [END] Updating file bin/rails
   Sync Log:  [BGN] Updating file bin/rake from /host_sync to /app_sync
   Sync Log:  [END] Updating file bin/rake
   Sync Log:  [BGN] Updating file bin/sass from /host_sync to /app_sync
   Sync Log:  [END] Updating file bin/sass
   Sync Log:  [BGN] Updating file bin/sass-convert from /host_sync to /app_sync
   Sync Log:  [END] Updating file bin/sass-convert
   Sync Log:  [BGN] Updating file bin/scss from /host_sync to /app_sync
   Sync Log:  [END] Updating file bin/scss
   Sync Log:  [BGN] Updating file bin/spring from /host_sync to /app_sync
   Sync Log:  [END] Updating file bin/spring
   Sync Log:  [BGN] Updating file bin/sprockets from /host_sync to /app_sync
   Sync Log:  [END] Updating file bin/sprockets
   Sync Log:  [BGN] Updating file bin/thor from /host_sync to /app_sync
   Sync Log:  [END] Updating file bin/thor
   Sync Log:  [BGN] Updating file bin/tilt from /host_sync to /app_sync
   Sync Log:  [END] Updating file bin/tilt
   Sync Log:  UNISON 2.48.4 finished propagating changes at 10:00:32.08 on 07 Oct 2017
   Sync Log:  Synchronization complete at 10:00:32  (15 items transferred, 0 skipped, 0 failed)
